{"C:\\Users\\Nastya\\WebstormProjects\\WebApp\\src\\addNumbers.js": {"path":"C:\\Users\\Nastya\\WebstormProjects\\WebApp\\src\\addNumbers.js","statementMap":{"0":{"start":{"line":2,"column":2},"end":{"line":2,"column":21}},"1":{"start":{"line":5,"column":0},"end":{"line":5,"column":28}}},"fnMap":{"0":{"name":"addNumbers","decl":{"start":{"line":1,"column":9},"end":{"line":1,"column":19}},"loc":{"start":{"line":1,"column":32},"end":{"line":3,"column":1}},"line":1}},"branchMap":{},"s":{"0":2,"1":1},"f":{"0":2},"b":{},"_coverageSchema":"1a1c01bbd47fc00a2c39e90264f33305004495a9","hash":"c4c131f701509ca363d9fdc9cd0c8b62a4abc107"}
}
