{"C:\\Users\\Nastya\\WebstormProjects\\WebApp\\config.js": {"path":"C:\\Users\\Nastya\\WebstormProjects\\WebApp\\config.js","statementMap":{"0":{"start":{"line":1,"column":14},"end":{"line":1,"column":30}},"1":{"start":{"line":11,"column":19},"end":{"line":17,"column":2}},"2":{"start":{"line":18,"column":0},"end":{"line":21,"column":3}},"3":{"start":{"line":19,"column":2},"end":{"line":20,"column":42}},"4":{"start":{"line":19,"column":13},"end":{"line":19,"column":32}},"5":{"start":{"line":20,"column":7},"end":{"line":20,"column":42}},"6":{"start":{"line":23,"column":0},"end":{"line":23,"column":39}}},"fnMap":{"0":{"name":"(anonymous_0)","decl":{"start":{"line":18,"column":19},"end":{"line":18,"column":20}},"loc":{"start":{"line":18,"column":30},"end":{"line":21,"column":1}},"line":18}},"branchMap":{"0":{"loc":{"start":{"line":19,"column":2},"end":{"line":20,"column":42}},"type":"if","locations":[{"start":{"line":19,"column":2},"end":{"line":20,"column":42}},{"start":{"line":19,"column":2},"end":{"line":20,"column":42}}],"line":19}},"s":{"0":3,"1":3,"2":3,"3":0,"4":0,"5":0,"6":3},"f":{"0":0},"b":{"0":[0,0]},"_coverageSchema":"1a1c01bbd47fc00a2c39e90264f33305004495a9","hash":"caf5468efb2824ec189e5c3ca3c2e9243f0e0bff"}
,"C:\\Users\\Nastya\\WebstormProjects\\WebApp\\models\\products.js": {"path":"C:\\Users\\Nastya\\WebstormProjects\\WebApp\\models\\products.js","statementMap":{"0":{"start":{"line":1,"column":15},"end":{"line":1,"column":35}},"1":{"start":{"line":3,"column":23},"end":{"line":10,"column":1}},"2":{"start":{"line":4,"column":14},"end":{"line":4,"column":38}},"3":{"start":{"line":6,"column":16},"end":{"line":9,"column":4}},"4":{"start":{"line":7,"column":4},"end":{"line":7,"column":23}},"5":{"start":{"line":7,"column":13},"end":{"line":7,"column":23}},"6":{"start":{"line":8,"column":4},"end":{"line":8,"column":27}},"7":{"start":{"line":11,"column":23},"end":{"line":18,"column":1}},"8":{"start":{"line":12,"column":14},"end":{"line":12,"column":63}},"9":{"start":{"line":14,"column":16},"end":{"line":17,"column":4}},"10":{"start":{"line":15,"column":4},"end":{"line":15,"column":23}},"11":{"start":{"line":15,"column":13},"end":{"line":15,"column":23}},"12":{"start":{"line":16,"column":4},"end":{"line":16,"column":27}},"13":{"start":{"line":19,"column":30},"end":{"line":26,"column":1}},"14":{"start":{"line":20,"column":14},"end":{"line":20,"column":84}},"15":{"start":{"line":22,"column":16},"end":{"line":25,"column":4}},"16":{"start":{"line":23,"column":4},"end":{"line":23,"column":23}},"17":{"start":{"line":23,"column":13},"end":{"line":23,"column":23}},"18":{"start":{"line":24,"column":4},"end":{"line":24,"column":16}},"19":{"start":{"line":29,"column":29},"end":{"line":36,"column":1}},"20":{"start":{"line":30,"column":14},"end":{"line":30,"column":80}},"21":{"start":{"line":32,"column":16},"end":{"line":35,"column":4}},"22":{"start":{"line":33,"column":4},"end":{"line":33,"column":23}},"23":{"start":{"line":33,"column":13},"end":{"line":33,"column":23}},"24":{"start":{"line":34,"column":4},"end":{"line":34,"column":16}},"25":{"start":{"line":39,"column":22},"end":{"line":46,"column":1}},"26":{"start":{"line":40,"column":14},"end":{"line":40,"column":42}},"27":{"start":{"line":42,"column":16},"end":{"line":45,"column":4}},"28":{"start":{"line":43,"column":4},"end":{"line":43,"column":23}},"29":{"start":{"line":43,"column":13},"end":{"line":43,"column":23}},"30":{"start":{"line":44,"column":4},"end":{"line":44,"column":16}},"31":{"start":{"line":49,"column":26},"end":{"line":56,"column":1}},"32":{"start":{"line":50,"column":14},"end":{"line":50,"column":60}},"33":{"start":{"line":52,"column":16},"end":{"line":55,"column":4}},"34":{"start":{"line":53,"column":4},"end":{"line":53,"column":23}},"35":{"start":{"line":53,"column":13},"end":{"line":53,"column":23}},"36":{"start":{"line":54,"column":4},"end":{"line":54,"column":16}},"37":{"start":{"line":58,"column":24},"end":{"line":66,"column":1}},"38":{"start":{"line":59,"column":14},"end":{"line":59,"column":54}},"39":{"start":{"line":61,"column":16},"end":{"line":65,"column":4}},"40":{"start":{"line":62,"column":4},"end":{"line":62,"column":23}},"41":{"start":{"line":62,"column":13},"end":{"line":62,"column":23}},"42":{"start":{"line":63,"column":4},"end":{"line":63,"column":24}},"43":{"start":{"line":64,"column":4},"end":{"line":64,"column":38}},"44":{"start":{"line":68,"column":0},"end":{"line":68,"column":54}},"45":{"start":{"line":69,"column":0},"end":{"line":69,"column":52}},"46":{"start":{"line":70,"column":0},"end":{"line":70,"column":38}},"47":{"start":{"line":71,"column":0},"end":{"line":71,"column":46}},"48":{"start":{"line":72,"column":0},"end":{"line":72,"column":40}},"49":{"start":{"line":73,"column":0},"end":{"line":73,"column":40}},"50":{"start":{"line":74,"column":0},"end":{"line":74,"column":42}}},"fnMap":{"0":{"name":"getAllProducts","decl":{"start":{"line":3,"column":32},"end":{"line":3,"column":46}},"loc":{"start":{"line":3,"column":65},"end":{"line":10,"column":1}},"line":3},"1":{"name":"(anonymous_1)","decl":{"start":{"line":6,"column":45},"end":{"line":6,"column":46}},"loc":{"start":{"line":6,"column":60},"end":{"line":9,"column":3}},"line":6},"2":{"name":"getProductByID","decl":{"start":{"line":11,"column":32},"end":{"line":11,"column":46}},"loc":{"start":{"line":11,"column":76},"end":{"line":18,"column":1}},"line":11},"3":{"name":"(anonymous_3)","decl":{"start":{"line":14,"column":45},"end":{"line":14,"column":46}},"loc":{"start":{"line":14,"column":60},"end":{"line":17,"column":3}},"line":14},"4":{"name":"updateAmountOfProduct","decl":{"start":{"line":19,"column":39},"end":{"line":19,"column":60}},"loc":{"start":{"line":19,"column":83},"end":{"line":26,"column":1}},"line":19},"5":{"name":"(anonymous_5)","decl":{"start":{"line":22,"column":45},"end":{"line":22,"column":46}},"loc":{"start":{"line":22,"column":63},"end":{"line":25,"column":3}},"line":22},"6":{"name":"uptadePriceOfProduct","decl":{"start":{"line":29,"column":38},"end":{"line":29,"column":58}},"loc":{"start":{"line":29,"column":80},"end":{"line":36,"column":1}},"line":29},"7":{"name":"(anonymous_7)","decl":{"start":{"line":32,"column":45},"end":{"line":32,"column":46}},"loc":{"start":{"line":32,"column":63},"end":{"line":35,"column":3}},"line":32},"8":{"name":"addNewProduct","decl":{"start":{"line":39,"column":31},"end":{"line":39,"column":44}},"loc":{"start":{"line":39,"column":54},"end":{"line":46,"column":1}},"line":39},"9":{"name":"(anonymous_9)","decl":{"start":{"line":42,"column":54},"end":{"line":42,"column":55}},"loc":{"start":{"line":42,"column":72},"end":{"line":45,"column":3}},"line":42},"10":{"name":"deleteProduct","decl":{"start":{"line":49,"column":35},"end":{"line":49,"column":48}},"loc":{"start":{"line":49,"column":60},"end":{"line":56,"column":1}},"line":49},"11":{"name":"(anonymous_11)","decl":{"start":{"line":52,"column":45},"end":{"line":52,"column":46}},"loc":{"start":{"line":52,"column":62},"end":{"line":55,"column":3}},"line":52},"12":{"name":"getCoundProduct","decl":{"start":{"line":58,"column":33},"end":{"line":58,"column":48}},"loc":{"start":{"line":58,"column":67},"end":{"line":66,"column":1}},"line":58},"13":{"name":"(anonymous_13)","decl":{"start":{"line":61,"column":45},"end":{"line":61,"column":46}},"loc":{"start":{"line":61,"column":62},"end":{"line":65,"column":3}},"line":61}},"branchMap":{"0":{"loc":{"start":{"line":7,"column":4},"end":{"line":7,"column":23}},"type":"if","locations":[{"start":{"line":7,"column":4},"end":{"line":7,"column":23}},{"start":{"line":7,"column":4},"end":{"line":7,"column":23}}],"line":7},"1":{"loc":{"start":{"line":15,"column":4},"end":{"line":15,"column":23}},"type":"if","locations":[{"start":{"line":15,"column":4},"end":{"line":15,"column":23}},{"start":{"line":15,"column":4},"end":{"line":15,"column":23}}],"line":15},"2":{"loc":{"start":{"line":23,"column":4},"end":{"line":23,"column":23}},"type":"if","locations":[{"start":{"line":23,"column":4},"end":{"line":23,"column":23}},{"start":{"line":23,"column":4},"end":{"line":23,"column":23}}],"line":23},"3":{"loc":{"start":{"line":33,"column":4},"end":{"line":33,"column":23}},"type":"if","locations":[{"start":{"line":33,"column":4},"end":{"line":33,"column":23}},{"start":{"line":33,"column":4},"end":{"line":33,"column":23}}],"line":33},"4":{"loc":{"start":{"line":43,"column":4},"end":{"line":43,"column":23}},"type":"if","locations":[{"start":{"line":43,"column":4},"end":{"line":43,"column":23}},{"start":{"line":43,"column":4},"end":{"line":43,"column":23}}],"line":43},"5":{"loc":{"start":{"line":53,"column":4},"end":{"line":53,"column":23}},"type":"if","locations":[{"start":{"line":53,"column":4},"end":{"line":53,"column":23}},{"start":{"line":53,"column":4},"end":{"line":53,"column":23}}],"line":53},"6":{"loc":{"start":{"line":62,"column":4},"end":{"line":62,"column":23}},"type":"if","locations":[{"start":{"line":62,"column":4},"end":{"line":62,"column":23}},{"start":{"line":62,"column":4},"end":{"line":62,"column":23}}],"line":62}},"s":{"0":1,"1":1,"2":0,"3":0,"4":0,"5":0,"6":0,"7":1,"8":0,"9":0,"10":0,"11":0,"12":0,"13":1,"14":0,"15":0,"16":0,"17":0,"18":0,"19":1,"20":0,"21":0,"22":0,"23":0,"24":0,"25":1,"26":0,"27":0,"28":0,"29":0,"30":0,"31":1,"32":0,"33":0,"34":0,"35":0,"36":0,"37":1,"38":0,"39":0,"40":0,"41":0,"42":0,"43":0,"44":1,"45":1,"46":1,"47":1,"48":1,"49":1,"50":1},"f":{"0":0,"1":0,"2":0,"3":0,"4":0,"5":0,"6":0,"7":0,"8":0,"9":0,"10":0,"11":0,"12":0,"13":0},"b":{"0":[0,0],"1":[0,0],"2":[0,0],"3":[0,0],"4":[0,0],"5":[0,0],"6":[0,0]},"_coverageSchema":"1a1c01bbd47fc00a2c39e90264f33305004495a9","hash":"5b3dc1af11468e3a6ad9457e7361f76eb0b3ed13"}
,"C:\\Users\\Nastya\\WebstormProjects\\WebApp\\models\\users.js": {"path":"C:\\Users\\Nastya\\WebstormProjects\\WebApp\\models\\users.js","statementMap":{"0":{"start":{"line":1,"column":15},"end":{"line":1,"column":35}},"1":{"start":{"line":4,"column":20},"end":{"line":11,"column":1}},"2":{"start":{"line":5,"column":14},"end":{"line":5,"column":39}},"3":{"start":{"line":7,"column":16},"end":{"line":10,"column":4}},"4":{"start":{"line":8,"column":4},"end":{"line":8,"column":23}},"5":{"start":{"line":8,"column":13},"end":{"line":8,"column":23}},"6":{"start":{"line":9,"column":4},"end":{"line":9,"column":16}},"7":{"start":{"line":13,"column":26},"end":{"line":19,"column":1}},"8":{"start":{"line":14,"column":14},"end":{"line":14,"column":65}},"9":{"start":{"line":15,"column":2},"end":{"line":18,"column":5}},"10":{"start":{"line":16,"column":4},"end":{"line":16,"column":23}},"11":{"start":{"line":16,"column":13},"end":{"line":16,"column":23}},"12":{"start":{"line":17,"column":4},"end":{"line":17,"column":25}},"13":{"start":{"line":21,"column":27},"end":{"line":28,"column":1}},"14":{"start":{"line":22,"column":14},"end":{"line":22,"column":85}},"15":{"start":{"line":24,"column":16},"end":{"line":27,"column":4}},"16":{"start":{"line":25,"column":4},"end":{"line":25,"column":23}},"17":{"start":{"line":25,"column":13},"end":{"line":25,"column":23}},"18":{"start":{"line":26,"column":4},"end":{"line":26,"column":16}},"19":{"start":{"line":37,"column":0},"end":{"line":37,"column":48}},"20":{"start":{"line":38,"column":0},"end":{"line":38,"column":46}},"21":{"start":{"line":39,"column":0},"end":{"line":39,"column":31}},"22":{"start":{"line":40,"column":0},"end":{"line":40,"column":46}}},"fnMap":{"0":{"name":"saveUser","decl":{"start":{"line":4,"column":29},"end":{"line":4,"column":37}},"loc":{"start":{"line":4,"column":44},"end":{"line":11,"column":1}},"line":4},"1":{"name":"(anonymous_1)","decl":{"start":{"line":7,"column":51},"end":{"line":7,"column":52}},"loc":{"start":{"line":7,"column":69},"end":{"line":10,"column":3}},"line":7},"2":{"name":"getUserByUserName","decl":{"start":{"line":13,"column":35},"end":{"line":13,"column":52}},"loc":{"start":{"line":13,"column":77},"end":{"line":19,"column":1}},"line":13},"3":{"name":"(anonymous_3)","decl":{"start":{"line":15,"column":31},"end":{"line":15,"column":32}},"loc":{"start":{"line":15,"column":48},"end":{"line":18,"column":3}},"line":15},"4":{"name":"updateUserPassword","decl":{"start":{"line":21,"column":36},"end":{"line":21,"column":54}},"loc":{"start":{"line":21,"column":75},"end":{"line":28,"column":1}},"line":21},"5":{"name":"(anonymous_5)","decl":{"start":{"line":24,"column":45},"end":{"line":24,"column":46}},"loc":{"start":{"line":24,"column":63},"end":{"line":27,"column":3}},"line":24}},"branchMap":{"0":{"loc":{"start":{"line":8,"column":4},"end":{"line":8,"column":23}},"type":"if","locations":[{"start":{"line":8,"column":4},"end":{"line":8,"column":23}},{"start":{"line":8,"column":4},"end":{"line":8,"column":23}}],"line":8},"1":{"loc":{"start":{"line":16,"column":4},"end":{"line":16,"column":23}},"type":"if","locations":[{"start":{"line":16,"column":4},"end":{"line":16,"column":23}},{"start":{"line":16,"column":4},"end":{"line":16,"column":23}}],"line":16},"2":{"loc":{"start":{"line":25,"column":4},"end":{"line":25,"column":23}},"type":"if","locations":[{"start":{"line":25,"column":4},"end":{"line":25,"column":23}},{"start":{"line":25,"column":4},"end":{"line":25,"column":23}}],"line":25}},"s":{"0":2,"1":2,"2":0,"3":0,"4":0,"5":0,"6":0,"7":2,"8":0,"9":0,"10":0,"11":0,"12":0,"13":2,"14":0,"15":0,"16":0,"17":0,"18":0,"19":2,"20":2,"21":2,"22":2},"f":{"0":0,"1":0,"2":0,"3":0,"4":0,"5":0},"b":{"0":[0,0],"1":[0,0],"2":[0,0]},"_coverageSchema":"1a1c01bbd47fc00a2c39e90264f33305004495a9","hash":"bdac8754696cc9d5ed59cd3c0b359e8a64119268"}
,"C:\\Users\\Nastya\\WebstormProjects\\WebApp\\public\\javascripts\\loginUverify.js": {"path":"C:\\Users\\Nastya\\WebstormProjects\\WebApp\\public\\javascripts\\loginUverify.js","statementMap":{"0":{"start":{"line":2,"column":13},"end":{"line":2,"column":42}},"1":{"start":{"line":7,"column":2},"end":{"line":28,"column":5}},"2":{"start":{"line":9,"column":4},"end":{"line":26,"column":5}},"3":{"start":{"line":10,"column":6},"end":{"line":13,"column":8}},"4":{"start":{"line":16,"column":18},"end":{"line":16,"column":61}},"5":{"start":{"line":17,"column":6},"end":{"line":25,"column":7}},"6":{"start":{"line":18,"column":8},"end":{"line":20,"column":10}},"7":{"start":{"line":22,"column":8},"end":{"line":24,"column":10}},"8":{"start":{"line":27,"column":4},"end":{"line":27,"column":29}},"9":{"start":{"line":46,"column":2},"end":{"line":46,"column":50}},"10":{"start":{"line":46,"column":39},"end":{"line":46,"column":48}},"11":{"start":{"line":47,"column":2},"end":{"line":47,"column":11}},"12":{"start":{"line":49,"column":0},"end":{"line":49,"column":24}},"13":{"start":{"line":50,"column":0},"end":{"line":50,"column":30}}},"fnMap":{"0":{"name":"loginV","decl":{"start":{"line":6,"column":9},"end":{"line":6,"column":15}},"loc":{"start":{"line":6,"column":54},"end":{"line":41,"column":1}},"line":6},"1":{"name":"(anonymous_1)","decl":{"start":{"line":7,"column":35},"end":{"line":7,"column":36}},"loc":{"start":{"line":7,"column":51},"end":{"line":28,"column":3}},"line":7},"2":{"name":"pswVarify","decl":{"start":{"line":44,"column":9},"end":{"line":44,"column":18}},"loc":{"start":{"line":44,"column":48},"end":{"line":48,"column":1}},"line":44}},"branchMap":{"0":{"loc":{"start":{"line":9,"column":4},"end":{"line":26,"column":5}},"type":"if","locations":[{"start":{"line":9,"column":4},"end":{"line":26,"column":5}},{"start":{"line":9,"column":4},"end":{"line":26,"column":5}}],"line":9},"1":{"loc":{"start":{"line":17,"column":6},"end":{"line":25,"column":7}},"type":"if","locations":[{"start":{"line":17,"column":6},"end":{"line":25,"column":7}},{"start":{"line":17,"column":6},"end":{"line":25,"column":7}}],"line":17},"2":{"loc":{"start":{"line":46,"column":2},"end":{"line":46,"column":50}},"type":"if","locations":[{"start":{"line":46,"column":2},"end":{"line":46,"column":50}},{"start":{"line":46,"column":2},"end":{"line":46,"column":50}}],"line":46}},"s":{"0":1,"1":0,"2":0,"3":0,"4":0,"5":0,"6":0,"7":0,"8":0,"9":2,"10":1,"11":1,"12":1,"13":1},"f":{"0":0,"1":0,"2":2},"b":{"0":[0,0],"1":[0,0],"2":[1,1]},"_coverageSchema":"1a1c01bbd47fc00a2c39e90264f33305004495a9","hash":"c5b9fa59e3f8fb7069a36588dda382d14eeefc5c"}
,"C:\\Users\\Nastya\\WebstormProjects\\WebApp\\public\\javascripts\\mainPage.js": {"path":"C:\\Users\\Nastya\\WebstormProjects\\WebApp\\public\\javascripts\\mainPage.js","statementMap":{"0":{"start":{"line":1,"column":21},"end":{"line":1,"column":53}},"1":{"start":{"line":4,"column":2},"end":{"line":8,"column":5}},"2":{"start":{"line":6,"column":4},"end":{"line":6,"column":42}},"3":{"start":{"line":7,"column":4},"end":{"line":7,"column":29}},"4":{"start":{"line":12,"column":19},"end":{"line":12,"column":21}},"5":{"start":{"line":14,"column":2},"end":{"line":14,"column":34}},"6":{"start":{"line":16,"column":2},"end":{"line":21,"column":3}},"7":{"start":{"line":16,"column":15},"end":{"line":16,"column":16}},"8":{"start":{"line":17,"column":16},"end":{"line":17,"column":47}},"9":{"start":{"line":18,"column":4},"end":{"line":20,"column":5}},"10":{"start":{"line":19,"column":6},"end":{"line":19,"column":33}},"11":{"start":{"line":22,"column":2},"end":{"line":22,"column":18}},"12":{"start":{"line":26,"column":14},"end":{"line":26,"column":16}},"13":{"start":{"line":28,"column":2},"end":{"line":32,"column":3}},"14":{"start":{"line":28,"column":15},"end":{"line":28,"column":16}},"15":{"start":{"line":29,"column":4},"end":{"line":31,"column":5}},"16":{"start":{"line":30,"column":6},"end":{"line":30,"column":28}},"17":{"start":{"line":33,"column":2},"end":{"line":33,"column":13}},"18":{"start":{"line":38,"column":2},"end":{"line":43,"column":3}},"19":{"start":{"line":38,"column":15},"end":{"line":38,"column":16}},"20":{"start":{"line":40,"column":4},"end":{"line":42,"column":5}},"21":{"start":{"line":41,"column":6},"end":{"line":41,"column":15}},"22":{"start":{"line":44,"column":2},"end":{"line":44,"column":12}},"23":{"start":{"line":47,"column":0},"end":{"line":47,"column":58}},"24":{"start":{"line":48,"column":0},"end":{"line":48,"column":40}},"25":{"start":{"line":49,"column":0},"end":{"line":49,"column":48}},"26":{"start":{"line":50,"column":0},"end":{"line":50,"column":52}}},"fnMap":{"0":{"name":"getAllAvailableProducts","decl":{"start":{"line":3,"column":9},"end":{"line":3,"column":32}},"loc":{"start":{"line":3,"column":51},"end":{"line":9,"column":1}},"line":3},"1":{"name":"(anonymous_1)","decl":{"start":{"line":4,"column":30},"end":{"line":4,"column":31}},"loc":{"start":{"line":4,"column":42},"end":{"line":8,"column":3}},"line":4},"2":{"name":"filterProducts","decl":{"start":{"line":11,"column":9},"end":{"line":11,"column":23}},"loc":{"start":{"line":11,"column":49},"end":{"line":23,"column":1}},"line":11},"3":{"name":"getAvailableProducts","decl":{"start":{"line":25,"column":9},"end":{"line":25,"column":29}},"loc":{"start":{"line":25,"column":40},"end":{"line":34,"column":1}},"line":25},"4":{"name":"findIndexProducdID","decl":{"start":{"line":36,"column":9},"end":{"line":36,"column":27}},"loc":{"start":{"line":36,"column":42},"end":{"line":45,"column":1}},"line":36}},"branchMap":{"0":{"loc":{"start":{"line":18,"column":4},"end":{"line":20,"column":5}},"type":"if","locations":[{"start":{"line":18,"column":4},"end":{"line":20,"column":5}},{"start":{"line":18,"column":4},"end":{"line":20,"column":5}}],"line":18},"1":{"loc":{"start":{"line":29,"column":4},"end":{"line":31,"column":5}},"type":"if","locations":[{"start":{"line":29,"column":4},"end":{"line":31,"column":5}},{"start":{"line":29,"column":4},"end":{"line":31,"column":5}}],"line":29},"2":{"loc":{"start":{"line":40,"column":4},"end":{"line":42,"column":5}},"type":"if","locations":[{"start":{"line":40,"column":4},"end":{"line":42,"column":5}},{"start":{"line":40,"column":4},"end":{"line":42,"column":5}}],"line":40}},"s":{"0":1,"1":0,"2":0,"3":0,"4":4,"5":4,"6":4,"7":4,"8":16,"9":16,"10":3,"11":4,"12":2,"13":2,"14":2,"15":8,"16":4,"17":2,"18":2,"19":2,"20":5,"21":1,"22":1,"23":1,"24":1,"25":1,"26":1},"f":{"0":0,"1":0,"2":4,"3":2,"4":2},"b":{"0":[3,13],"1":[4,4],"2":[1,4]},"_coverageSchema":"1a1c01bbd47fc00a2c39e90264f33305004495a9","hash":"647fde387218e9c0af3cfef23293c2571db9c665"}
,"C:\\Users\\Nastya\\WebstormProjects\\WebApp\\public\\javascripts\\password.js": {"path":"C:\\Users\\Nastya\\WebstormProjects\\WebApp\\public\\javascripts\\password.js","statementMap":{"0":{"start":{"line":3,"column":2},"end":{"line":9,"column":3}},"1":{"start":{"line":5,"column":4},"end":{"line":8,"column":56}},"2":{"start":{"line":12,"column":0},"end":{"line":12,"column":45}}},"fnMap":{"0":{"name":"validPassword","decl":{"start":{"line":2,"column":9},"end":{"line":2,"column":22}},"loc":{"start":{"line":2,"column":41},"end":{"line":10,"column":1}},"line":2}},"branchMap":{"0":{"loc":{"start":{"line":3,"column":2},"end":{"line":9,"column":3}},"type":"if","locations":[{"start":{"line":3,"column":2},"end":{"line":9,"column":3}},{"start":{"line":3,"column":2},"end":{"line":9,"column":3}}],"line":3},"1":{"loc":{"start":{"line":3,"column":6},"end":{"line":3,"column":85}},"type":"binary-expr","locations":[{"start":{"line":3,"column":6},"end":{"line":3,"column":25}},{"start":{"line":3,"column":29},"end":{"line":3,"column":49}},{"start":{"line":3,"column":53},"end":{"line":3,"column":85}}],"line":3}},"s":{"0":0,"1":0,"2":1},"f":{"0":0},"b":{"0":[0,0],"1":[0,0,0]},"_coverageSchema":"1a1c01bbd47fc00a2c39e90264f33305004495a9","hash":"5003f7e6e05b2b3eb7e902dd851f2b3f5e86e24f"}
,"C:\\Users\\Nastya\\WebstormProjects\\WebApp\\public\\javascripts\\registration.js": {"path":"C:\\Users\\Nastya\\WebstormProjects\\WebApp\\public\\javascripts\\registration.js","statementMap":{"0":{"start":{"line":1,"column":14},"end":{"line":1,"column":43}},"1":{"start":{"line":2,"column":12},"end":{"line":2,"column":33}},"2":{"start":{"line":5,"column":19},"end":{"line":17,"column":1}},"3":{"start":{"line":6,"column":15},"end":{"line":6,"column":17}},"4":{"start":{"line":8,"column":2},"end":{"line":16,"column":5}},"5":{"start":{"line":10,"column":4},"end":{"line":12,"column":5}},"6":{"start":{"line":11,"column":6},"end":{"line":11,"column":61}},"7":{"start":{"line":14,"column":4},"end":{"line":14,"column":35}},"8":{"start":{"line":15,"column":4},"end":{"line":15,"column":29}},"9":{"start":{"line":22,"column":17},"end":{"line":22,"column":32}},"10":{"start":{"line":24,"column":2},"end":{"line":26,"column":3}},"11":{"start":{"line":25,"column":4},"end":{"line":25,"column":22}},"12":{"start":{"line":28,"column":2},"end":{"line":49,"column":3}},"13":{"start":{"line":29,"column":4},"end":{"line":38,"column":6}},"14":{"start":{"line":40,"column":4},"end":{"line":48,"column":6}},"15":{"start":{"line":50,"column":2},"end":{"line":50,"column":30}},"16":{"start":{"line":54,"column":17},"end":{"line":54,"column":19}},"17":{"start":{"line":56,"column":2},"end":{"line":56,"column":31}},"18":{"start":{"line":58,"column":2},"end":{"line":58,"column":35}},"19":{"start":{"line":60,"column":2},"end":{"line":60,"column":43}},"20":{"start":{"line":62,"column":2},"end":{"line":65,"column":3}},"21":{"start":{"line":64,"column":4},"end":{"line":64,"column":47}},"22":{"start":{"line":67,"column":2},"end":{"line":67,"column":47}},"23":{"start":{"line":68,"column":2},"end":{"line":68,"column":16}},"24":{"start":{"line":74,"column":2},"end":{"line":77,"column":3}},"25":{"start":{"line":76,"column":4},"end":{"line":76,"column":41}},"26":{"start":{"line":81,"column":2},"end":{"line":84,"column":3}},"27":{"start":{"line":83,"column":4},"end":{"line":83,"column":51}},"28":{"start":{"line":88,"column":2},"end":{"line":91,"column":3}},"29":{"start":{"line":90,"column":4},"end":{"line":90,"column":60}},"30":{"start":{"line":95,"column":2},"end":{"line":98,"column":3}},"31":{"start":{"line":97,"column":4},"end":{"line":97,"column":48}},"32":{"start":{"line":101,"column":2},"end":{"line":101,"column":39}},"33":{"start":{"line":104,"column":0},"end":{"line":104,"column":39}},"34":{"start":{"line":105,"column":0},"end":{"line":105,"column":30}},"35":{"start":{"line":106,"column":0},"end":{"line":106,"column":26}},"36":{"start":{"line":107,"column":0},"end":{"line":107,"column":38}},"37":{"start":{"line":108,"column":0},"end":{"line":108,"column":40}}},"fnMap":{"0":{"name":"(anonymous_0)","decl":{"start":{"line":5,"column":19},"end":{"line":5,"column":20}},"loc":{"start":{"line":5,"column":52},"end":{"line":17,"column":1}},"line":5},"1":{"name":"(anonymous_1)","decl":{"start":{"line":8,"column":45},"end":{"line":8,"column":46}},"loc":{"start":{"line":8,"column":61},"end":{"line":16,"column":3}},"line":8},"2":{"name":"registrationUser","decl":{"start":{"line":19,"column":9},"end":{"line":19,"column":25}},"loc":{"start":{"line":19,"column":31},"end":{"line":51,"column":1}},"line":19},"3":{"name":"validation","decl":{"start":{"line":53,"column":9},"end":{"line":53,"column":19}},"loc":{"start":{"line":53,"column":25},"end":{"line":69,"column":1}},"line":53},"4":{"name":"validID","decl":{"start":{"line":72,"column":9},"end":{"line":72,"column":16}},"loc":{"start":{"line":72,"column":29},"end":{"line":78,"column":1}},"line":72},"5":{"name":"validName","decl":{"start":{"line":80,"column":9},"end":{"line":80,"column":18}},"loc":{"start":{"line":80,"column":33},"end":{"line":85,"column":1}},"line":80},"6":{"name":"validLastname","decl":{"start":{"line":87,"column":9},"end":{"line":87,"column":22}},"loc":{"start":{"line":87,"column":41},"end":{"line":92,"column":1}},"line":87},"7":{"name":"validStudentID","decl":{"start":{"line":93,"column":9},"end":{"line":93,"column":23}},"loc":{"start":{"line":93,"column":43},"end":{"line":99,"column":1}},"line":93},"8":{"name":"isEmpty","decl":{"start":{"line":100,"column":9},"end":{"line":100,"column":16}},"loc":{"start":{"line":100,"column":22},"end":{"line":102,"column":1}},"line":100}},"branchMap":{"0":{"loc":{"start":{"line":10,"column":4},"end":{"line":12,"column":5}},"type":"if","locations":[{"start":{"line":10,"column":4},"end":{"line":12,"column":5}},{"start":{"line":10,"column":4},"end":{"line":12,"column":5}}],"line":10},"1":{"loc":{"start":{"line":24,"column":2},"end":{"line":26,"column":3}},"type":"if","locations":[{"start":{"line":24,"column":2},"end":{"line":26,"column":3}},{"start":{"line":24,"column":2},"end":{"line":26,"column":3}}],"line":24},"2":{"loc":{"start":{"line":28,"column":2},"end":{"line":49,"column":3}},"type":"if","locations":[{"start":{"line":28,"column":2},"end":{"line":49,"column":3}},{"start":{"line":28,"column":2},"end":{"line":49,"column":3}}],"line":28},"3":{"loc":{"start":{"line":62,"column":2},"end":{"line":65,"column":3}},"type":"if","locations":[{"start":{"line":62,"column":2},"end":{"line":65,"column":3}},{"start":{"line":62,"column":2},"end":{"line":65,"column":3}}],"line":62},"4":{"loc":{"start":{"line":74,"column":2},"end":{"line":77,"column":3}},"type":"if","locations":[{"start":{"line":74,"column":2},"end":{"line":77,"column":3}},{"start":{"line":74,"column":2},"end":{"line":77,"column":3}}],"line":74},"5":{"loc":{"start":{"line":81,"column":2},"end":{"line":84,"column":3}},"type":"if","locations":[{"start":{"line":81,"column":2},"end":{"line":84,"column":3}},{"start":{"line":81,"column":2},"end":{"line":84,"column":3}}],"line":81},"6":{"loc":{"start":{"line":88,"column":2},"end":{"line":91,"column":3}},"type":"if","locations":[{"start":{"line":88,"column":2},"end":{"line":91,"column":3}},{"start":{"line":88,"column":2},"end":{"line":91,"column":3}}],"line":88},"7":{"loc":{"start":{"line":95,"column":2},"end":{"line":98,"column":3}},"type":"if","locations":[{"start":{"line":95,"column":2},"end":{"line":98,"column":3}},{"start":{"line":95,"column":2},"end":{"line":98,"column":3}}],"line":95}},"s":{"0":1,"1":1,"2":1,"3":0,"4":0,"5":0,"6":0,"7":0,"8":0,"9":0,"10":0,"11":0,"12":0,"13":0,"14":0,"15":0,"16":0,"17":0,"18":0,"19":0,"20":0,"21":0,"22":0,"23":0,"24":2,"25":1,"26":2,"27":1,"28":2,"29":1,"30":2,"31":1,"32":0,"33":1,"34":1,"35":1,"36":1,"37":1},"f":{"0":0,"1":0,"2":0,"3":0,"4":2,"5":2,"6":2,"7":2,"8":0},"b":{"0":[0,0],"1":[0,0],"2":[0,0],"3":[0,0],"4":[1,1],"5":[1,1],"6":[1,1],"7":[1,1]},"_coverageSchema":"1a1c01bbd47fc00a2c39e90264f33305004495a9","hash":"1c69a88151ac31e2a07ba689c30bd2c72c830374"}
}
