TN:
SF:config.js
FN:18,(anonymous_0)
FNF:1
FNH:0
FNDA:0,(anonymous_0)
DA:1,3
DA:11,3
DA:18,3
DA:19,0
DA:20,0
DA:23,3
LF:6
LH:4
BRDA:19,0,0,0
BRDA:19,0,1,0
BRF:2
BRH:0
end_of_record
TN:
SF:models\products.js
FN:3,getAllProducts
FN:6,(anonymous_1)
FN:11,getProductByID
FN:14,(anonymous_3)
FN:19,updateAmountOfProduct
FN:22,(anonymous_5)
FN:29,uptadePriceOfProduct
FN:32,(anonymous_7)
FN:39,addNewProduct
FN:42,(anonymous_9)
FN:49,deleteProduct
FN:52,(anonymous_11)
FN:58,getCoundProduct
FN:61,(anonymous_13)
FNF:14
FNH:0
FNDA:0,getAllProducts
FNDA:0,(anonymous_1)
FNDA:0,getProductByID
FNDA:0,(anonymous_3)
FNDA:0,updateAmountOfProduct
FNDA:0,(anonymous_5)
FNDA:0,uptadePriceOfProduct
FNDA:0,(anonymous_7)
FNDA:0,addNewProduct
FNDA:0,(anonymous_9)
FNDA:0,deleteProduct
FNDA:0,(anonymous_11)
FNDA:0,getCoundProduct
FNDA:0,(anonymous_13)
DA:1,1
DA:3,1
DA:4,0
DA:6,0
DA:7,0
DA:8,0
DA:11,1
DA:12,0
DA:14,0
DA:15,0
DA:16,0
DA:19,1
DA:20,0
DA:22,0
DA:23,0
DA:24,0
DA:29,1
DA:30,0
DA:32,0
DA:33,0
DA:34,0
DA:39,1
DA:40,0
DA:42,0
DA:43,0
DA:44,0
DA:49,1
DA:50,0
DA:52,0
DA:53,0
DA:54,0
DA:58,1
DA:59,0
DA:61,0
DA:62,0
DA:63,0
DA:64,0
DA:68,1
DA:69,1
DA:70,1
DA:71,1
DA:72,1
DA:73,1
DA:74,1
LF:44
LH:15
BRDA:7,0,0,0
BRDA:7,0,1,0
BRDA:15,1,0,0
BRDA:15,1,1,0
BRDA:23,2,0,0
BRDA:23,2,1,0
BRDA:33,3,0,0
BRDA:33,3,1,0
BRDA:43,4,0,0
BRDA:43,4,1,0
BRDA:53,5,0,0
BRDA:53,5,1,0
BRDA:62,6,0,0
BRDA:62,6,1,0
BRF:14
BRH:0
end_of_record
TN:
SF:models\users.js
FN:4,saveUser
FN:7,(anonymous_1)
FN:13,getUserByUserName
FN:15,(anonymous_3)
FN:21,updateUserPassword
FN:24,(anonymous_5)
FNF:6
FNH:0
FNDA:0,saveUser
FNDA:0,(anonymous_1)
FNDA:0,getUserByUserName
FNDA:0,(anonymous_3)
FNDA:0,updateUserPassword
FNDA:0,(anonymous_5)
DA:1,2
DA:4,2
DA:5,0
DA:7,0
DA:8,0
DA:9,0
DA:13,2
DA:14,0
DA:15,0
DA:16,0
DA:17,0
DA:21,2
DA:22,0
DA:24,0
DA:25,0
DA:26,0
DA:37,2
DA:38,2
DA:39,2
DA:40,2
LF:20
LH:8
BRDA:8,0,0,0
BRDA:8,0,1,0
BRDA:16,1,0,0
BRDA:16,1,1,0
BRDA:25,2,0,0
BRDA:25,2,1,0
BRF:6
BRH:0
end_of_record
TN:
SF:public\javascripts\loginUverify.js
FN:6,loginV
FN:7,(anonymous_1)
FN:44,pswVarify
FNF:3
FNH:1
FNDA:0,loginV
FNDA:0,(anonymous_1)
FNDA:2,pswVarify
DA:2,1
DA:7,0
DA:9,0
DA:10,0
DA:16,0
DA:17,0
DA:18,0
DA:22,0
DA:27,0
DA:46,2
DA:47,1
DA:49,1
DA:50,1
LF:13
LH:5
BRDA:9,0,0,0
BRDA:9,0,1,0
BRDA:17,1,0,0
BRDA:17,1,1,0
BRDA:46,2,0,1
BRDA:46,2,1,1
BRF:6
BRH:2
end_of_record
TN:
SF:public\javascripts\mainPage.js
FN:3,getAllAvailableProducts
FN:4,(anonymous_1)
FN:11,filterProducts
FN:25,getAvailableProducts
FN:36,findIndexProducdID
FNF:5
FNH:3
FNDA:0,getAllAvailableProducts
FNDA:0,(anonymous_1)
FNDA:4,filterProducts
FNDA:2,getAvailableProducts
FNDA:2,findIndexProducdID
DA:1,1
DA:4,0
DA:6,0
DA:7,0
DA:12,4
DA:14,4
DA:16,4
DA:17,16
DA:18,16
DA:19,3
DA:22,4
DA:26,2
DA:28,2
DA:29,8
DA:30,4
DA:33,2
DA:38,2
DA:40,5
DA:41,1
DA:44,1
DA:47,1
DA:48,1
DA:49,1
DA:50,1
LF:24
LH:21
BRDA:18,0,0,3
BRDA:18,0,1,13
BRDA:29,1,0,4
BRDA:29,1,1,4
BRDA:40,2,0,1
BRDA:40,2,1,4
BRF:6
BRH:6
end_of_record
TN:
SF:public\javascripts\password.js
FN:2,validPassword
FNF:1
FNH:0
FNDA:0,validPassword
DA:3,0
DA:5,0
DA:12,1
LF:3
LH:1
BRDA:3,0,0,0
BRDA:3,0,1,0
BRDA:3,1,0,0
BRDA:3,1,1,0
BRDA:3,1,2,0
BRF:5
BRH:0
end_of_record
TN:
SF:public\javascripts\registration.js
FN:5,(anonymous_0)
FN:8,(anonymous_1)
FN:19,registrationUser
FN:53,validation
FN:72,validID
FN:80,validName
FN:87,validLastname
FN:93,validStudentID
FN:100,isEmpty
FNF:9
FNH:4
FNDA:0,(anonymous_0)
FNDA:0,(anonymous_1)
FNDA:0,registrationUser
FNDA:0,validation
FNDA:2,validID
FNDA:2,validName
FNDA:2,validLastname
FNDA:2,validStudentID
FNDA:0,isEmpty
DA:1,1
DA:2,1
DA:5,1
DA:6,0
DA:8,0
DA:10,0
DA:11,0
DA:14,0
DA:15,0
DA:22,0
DA:24,0
DA:25,0
DA:28,0
DA:29,0
DA:40,0
DA:50,0
DA:54,0
DA:56,0
DA:58,0
DA:60,0
DA:62,0
DA:64,0
DA:67,0
DA:68,0
DA:74,2
DA:76,1
DA:81,2
DA:83,1
DA:88,2
DA:90,1
DA:95,2
DA:97,1
DA:101,0
DA:104,1
DA:105,1
DA:106,1
DA:107,1
DA:108,1
LF:38
LH:16
BRDA:10,0,0,0
BRDA:10,0,1,0
BRDA:24,1,0,0
BRDA:24,1,1,0
BRDA:28,2,0,0
BRDA:28,2,1,0
BRDA:62,3,0,0
BRDA:62,3,1,0
BRDA:74,4,0,1
BRDA:74,4,1,1
BRDA:81,5,0,1
BRDA:81,5,1,1
BRDA:88,6,0,1
BRDA:88,6,1,1
BRDA:95,7,0,1
BRDA:95,7,1,1
BRF:16
BRH:8
end_of_record
